0 info it worked if it ends with ok
1 verbose cli [ '/usr/bin/nodejs',
1 verbose cli   '/usr/bin/npm',
1 verbose cli   'rebuild',
1 verbose cli   'node-sass',
1 verbose cli   '--no-bin-links' ]
2 info using npm@3.10.8
3 info using node@v6.9.1
4 info readInstalled object
5 verbose rebuild path, id [ '/home/vagrant/Code/sample/node_modules/node-sass',
5 verbose rebuild   'node-sass@3.13.1' ]
6 silly rebuild set [ '/home/vagrant/Code/sample/node_modules/node-sass' ]
7 info build /home/vagrant/Code/sample/node_modules/node-sass
8 info lifecycle node-sass@3.13.1~preinstall: node-sass@3.13.1
9 silly lifecycle node-sass@3.13.1~preinstall: no script for preinstall, continuing
10 info lifecycle node-sass@3.13.1~install: node-sass@3.13.1
11 verbose lifecycle node-sass@3.13.1~install: unsafe-perm in lifecycle true
12 verbose lifecycle node-sass@3.13.1~install: PATH: /usr/lib/node_modules/npm/bin/node-gyp-bin:/home/vagrant/Code/sample/node_modules/node-sass/node_modules/.bin:/home/vagrant/Code/sample/node_modules/.bin:/home/vagrant/.composer/vendor/bin:/home/vagrant/bin:/home/vagrant/.local/bin:/usr/local/sbin:/usr/local/bin:/usr/sbin:/usr/bin:/sbin:/bin:/usr/games:/usr/local/games:/snap/bin
13 verbose lifecycle node-sass@3.13.1~install: CWD: /home/vagrant/Code/sample/node_modules/node-sass
14 silly lifecycle node-sass@3.13.1~install: Args: [ '-c', 'node scripts/install.js' ]
15 silly lifecycle node-sass@3.13.1~install: Returned: code: 0  signal: null
16 info lifecycle node-sass@3.13.1~postinstall: node-sass@3.13.1
17 verbose lifecycle node-sass@3.13.1~postinstall: unsafe-perm in lifecycle true
18 verbose lifecycle node-sass@3.13.1~postinstall: PATH: /usr/lib/node_modules/npm/bin/node-gyp-bin:/home/vagrant/Code/sample/node_modules/node-sass/node_modules/.bin:/home/vagrant/Code/sample/node_modules/.bin:/home/vagrant/.composer/vendor/bin:/home/vagrant/bin:/home/vagrant/.local/bin:/usr/local/sbin:/usr/local/bin:/usr/sbin:/usr/bin:/sbin:/bin:/usr/games:/usr/local/games:/snap/bin
19 verbose lifecycle node-sass@3.13.1~postinstall: CWD: /home/vagrant/Code/sample/node_modules/node-sass
20 silly lifecycle node-sass@3.13.1~postinstall: Args: [ '-c', 'node scripts/build.js' ]
21 silly lifecycle node-sass@3.13.1~postinstall: Returned: code: 139  signal: null
22 info lifecycle node-sass@3.13.1~postinstall: Failed to exec postinstall script
23 verbose stack Error: node-sass@3.13.1 postinstall: `node scripts/build.js`
23 verbose stack Exit status 139
23 verbose stack     at EventEmitter.<anonymous> (/usr/lib/node_modules/npm/lib/utils/lifecycle.js:255:16)
23 verbose stack     at emitTwo (events.js:106:13)
23 verbose stack     at EventEmitter.emit (events.js:191:7)
23 verbose stack     at ChildProcess.<anonymous> (/usr/lib/node_modules/npm/lib/utils/spawn.js:40:14)
23 verbose stack     at emitTwo (events.js:106:13)
23 verbose stack     at ChildProcess.emit (events.js:191:7)
23 verbose stack     at maybeClose (internal/child_process.js:877:16)
23 verbose stack     at Process.ChildProcess._handle.onexit (internal/child_process.js:226:5)
24 verbose pkgid node-sass@3.13.1
25 verbose cwd /home/vagrant/Code/sample
26 error Linux 4.4.0-38-generic
27 error argv "/usr/bin/nodejs" "/usr/bin/npm" "rebuild" "node-sass" "--no-bin-links"
28 error node v6.9.1
29 error npm  v3.10.8
30 error code ELIFECYCLE
31 error node-sass@3.13.1 postinstall: `node scripts/build.js`
31 error Exit status 139
32 error Failed at the node-sass@3.13.1 postinstall script 'node scripts/build.js'.
32 error Make sure you have the latest version of node.js and npm installed.
32 error If you do, this is most likely a problem with the node-sass package,
32 error not with npm itself.
32 error Tell the author that this fails on your system:
32 error     node scripts/build.js
32 error You can get information on how to open an issue for this project with:
32 error     npm bugs node-sass
32 error Or if that isn't available, you can get their info via:
32 error     npm owner ls node-sass
32 error There is likely additional logging output above.
33 verbose exit [ 1, true ]
